[2024-06-13 09:30:24,153 INFO] Extracting features...
[2024-06-13 09:30:24,155 INFO] Building `Fields` object...
[2024-06-13 09:37:35,749 INFO] Building & saving training data...
[2024-06-13 09:49:40,914 INFO] 96501 Example before filter
[2024-06-13 09:55:39,299 INFO] 87577 Example after filter
[2024-06-13 09:55:40,175 INFO]  * saving train dataset to ../data/processed.train.pt.
[2024-06-13 10:46:02,011 INFO] Extracting features...
[2024-06-13 10:46:02,014 INFO] Building `Fields` object...
[2024-06-13 10:46:02,378 INFO] Building & saving training data...
[2024-06-13 11:08:04,275 INFO] 96501 Example before filter
[2024-06-13 11:08:17,149 INFO] 87577 Example after filter
[2024-06-13 11:08:17,629 INFO]  * saving train dataset to ../data/processed.train.pt.
[2024-06-13 11:45:06,351 INFO] Extracting features...
[2024-06-13 11:45:06,353 INFO] Building `Fields` object...
[2024-06-13 11:45:07,001 INFO] Building & saving training data...
[2024-06-13 11:50:25,257 INFO] 2838 Example before filter
[2024-06-13 11:50:25,550 INFO] 2595 Example after filter
[2024-06-13 11:50:25,557 INFO]  * saving train dataset to ../data/processed.train.pt.
[2024-06-13 11:50:38,433 INFO] Building & saving validation data...
[2024-06-13 11:52:45,131 INFO] 12089 Example before filter
[2024-06-13 11:52:46,199 INFO] 11028 Example after filter
[2024-06-13 11:52:46,231 INFO]  * saving valid dataset to ../data/processed.valid.pt.
[2024-06-13 11:53:37,673 INFO] Building & saving vocabulary...
[2024-06-13 11:55:54,311 INFO]  * reloading ../data/processed.train.pt.
[2024-06-13 12:09:21,542 INFO]  * tgt vocab size: 3933.
[2024-06-13 12:09:50,133 INFO]  * tgt_feat_0 vocab size: 44.
[2024-06-13 12:09:56,590 INFO]  * tgt_feat_1 vocab size: 27.
[2024-06-13 12:09:57,110 INFO]  * tgt_feat_2 vocab size: 42.
[2024-06-13 12:09:57,608 INFO]  * tgt_feat_3 vocab size: 3117.
[2024-06-13 12:12:22,571 INFO]  * src vocab size: 202.
[2024-06-13 12:12:30,367 INFO]  * src_feat_0 vocab size: 45.
[2024-06-13 12:12:31,375 INFO]  * src_feat_1 vocab size: 26.
[2024-06-13 12:12:32,217 INFO]  * src_feat_2 vocab size: 42.
[2024-06-13 12:12:34,715 INFO]  * src_feat_3 vocab size: 202.
[2024-06-13 12:12:39,214 INFO]  * answer vocab size: 202.
[2024-06-13 12:12:46,804 INFO]  * answer_feat_0 vocab size: 41.
[2024-06-13 12:12:50,399 INFO]  * answer_feat_1 vocab size: 23.
[2024-06-13 12:12:51,599 INFO]  * answer_feat_2 vocab size: 40.
[2024-06-13 12:12:52,769 INFO]  * answer_feat_3 vocab size: 202.
[2024-06-13 12:12:54,743 INFO]  * question vocab size: 202.
[2024-06-13 12:12:55,742 INFO]  * question_feat_0 vocab size: 42.
[2024-06-13 12:12:57,137 INFO]  * question_feat_1 vocab size: 22.
[2024-06-13 12:13:00,342 INFO]  * question_feat_2 vocab size: 40.
[2024-06-13 12:14:10,956 INFO]  * question_feat_3 vocab size: 202.
[2024-06-13 12:14:14,723 INFO]  * merging example vocab...
[2024-06-13 12:14:24,417 INFO]  * merged vocab size: 204.
[2024-06-13 13:07:30,465 INFO] Extracting features...
[2024-06-13 13:07:30,465 INFO] Building `Fields` object...
[2024-06-13 13:07:30,557 INFO] Building & saving training data...
[2024-06-13 13:08:18,792 INFO] 2838 Example before filter
[2024-06-13 13:08:19,044 INFO] 2595 Example after filter
[2024-06-13 13:08:19,051 INFO]  * saving train dataset to ../data/processed.train.pt.
[2024-06-13 13:08:31,789 INFO] Building & saving validation data...
[2024-06-13 13:10:48,712 INFO] 12089 Example before filter
[2024-06-13 13:10:49,724 INFO] 11028 Example after filter
[2024-06-13 13:10:49,757 INFO]  * saving valid dataset to ../data/processed.valid.pt.
[2024-06-13 13:11:40,244 INFO] Building & saving vocabulary...
[2024-06-13 13:12:55,915 INFO]  * reloading ../data/processed.train.pt.
[2024-06-13 13:13:52,597 INFO]  * tgt vocab size: 3933.
[2024-06-13 13:13:53,727 INFO]  * tgt_feat_0 vocab size: 44.
[2024-06-13 13:13:55,128 INFO]  * tgt_feat_1 vocab size: 27.
[2024-06-13 13:13:57,800 INFO]  * tgt_feat_2 vocab size: 42.
[2024-06-13 13:14:01,463 INFO]  * tgt_feat_3 vocab size: 3117.
[2024-06-14 16:02:19,735 INFO] Extracting features...
[2024-06-14 16:02:19,735 INFO] Building `Fields` object...
[2024-06-14 16:02:19,735 INFO] Building & saving training data...
[2024-06-14 16:02:21,556 INFO] 2838 Example before filter
[2024-06-14 16:02:21,566 INFO] 2595 Example after filter
[2024-06-14 16:02:21,573 INFO]  * saving train dataset to ../data/processed.train.pt.
[2024-06-14 16:02:23,885 INFO] Building & saving validation data...
[2024-06-14 16:02:31,351 INFO] 12089 Example before filter
[2024-06-14 16:02:31,389 INFO] 11028 Example after filter
[2024-06-14 16:02:31,421 INFO]  * saving valid dataset to ../data/processed.valid.pt.
[2024-06-14 16:03:46,564 INFO] Extracting features...
[2024-06-14 16:03:46,564 INFO] Building `Fields` object...
[2024-06-14 16:03:46,564 INFO] Building & saving training data...
[2024-06-14 16:03:48,333 INFO] 2838 Example before filter
[2024-06-14 16:03:48,342 INFO] 2595 Example after filter
[2024-06-14 16:03:48,349 INFO]  * saving train dataset to ../data/processed.train.pt.
[2024-06-14 16:03:50,700 INFO] Building & saving validation data...
[2024-06-14 16:03:58,327 INFO] 12089 Example before filter
[2024-06-14 16:03:58,366 INFO] 11028 Example after filter
[2024-06-14 16:03:58,398 INFO]  * saving valid dataset to ../data/processed.valid.pt.
[2024-06-14 16:04:07,749 INFO] Building & saving vocabulary...
[2024-06-14 16:04:09,167 INFO]  * reloading ../data/processed.train.pt.
[2024-06-14 16:04:09,686 INFO]  * tgt vocab size: 3933.
[2024-06-14 16:04:09,686 INFO]  * tgt_feat_0 vocab size: 44.
[2024-06-14 16:04:09,686 INFO]  * tgt_feat_1 vocab size: 27.
[2024-06-14 16:04:09,686 INFO]  * tgt_feat_2 vocab size: 42.
[2024-06-14 16:04:09,689 INFO]  * tgt_feat_3 vocab size: 3117.
[2024-06-14 16:04:09,701 INFO]  * src vocab size: 11991.
[2024-06-14 16:04:09,701 INFO]  * src_feat_0 vocab size: 45.
[2024-06-14 16:04:09,701 INFO]  * src_feat_1 vocab size: 26.
[2024-06-14 16:04:09,701 INFO]  * src_feat_2 vocab size: 42.
[2024-06-14 16:04:09,710 INFO]  * src_feat_3 vocab size: 9217.
[2024-06-14 16:04:09,712 INFO]  * answer vocab size: 2599.
[2024-06-14 16:04:09,712 INFO]  * answer_feat_0 vocab size: 41.
[2024-06-14 16:04:09,713 INFO]  * answer_feat_1 vocab size: 23.
[2024-06-14 16:04:09,713 INFO]  * answer_feat_2 vocab size: 40.
[2024-06-14 16:04:09,714 INFO]  * answer_feat_3 vocab size: 2130.
[2024-06-14 16:04:09,716 INFO]  * question vocab size: 1962.
[2024-06-14 16:04:09,716 INFO]  * question_feat_0 vocab size: 42.
[2024-06-14 16:04:09,716 INFO]  * question_feat_1 vocab size: 22.
[2024-06-14 16:04:09,716 INFO]  * question_feat_2 vocab size: 40.
[2024-06-14 16:04:09,717 INFO]  * question_feat_3 vocab size: 1661.
[2024-06-14 16:04:09,717 INFO]  * merging example vocab...
[2024-06-14 16:04:09,748 INFO]  * merged vocab size: 12301.
[2024-06-14 16:04:09,748 INFO]  * merging feature_0 vocab...
[2024-06-14 16:04:09,748 INFO]  * merged feature_0 vocab size: 47.
[2024-06-14 16:04:09,748 INFO]  * merging feature_1 vocab...
[2024-06-14 16:04:09,748 INFO]  * merged feature_1 vocab size: 28.
[2024-06-14 16:04:09,748 INFO]  * merging feature_2 vocab...
[2024-06-14 16:04:09,748 INFO]  * merged feature_2 vocab size: 44.
[2024-06-14 16:04:09,748 INFO]  * merging feature_3 vocab...
[2024-06-14 16:04:09,770 INFO]  * merged feature_3 vocab size: 9391.
[2024-06-28 20:53:55,947 INFO] Extracting features...
[2024-06-28 20:53:55,948 INFO] Building `Fields` object...
[2024-06-28 20:53:55,948 INFO] Building & saving training data...
[2024-06-28 20:53:58,687 INFO] 6031 Example before filter
[2024-06-28 20:53:58,709 INFO] 5288 Example after filter
[2024-06-28 20:53:58,718 INFO]  * saving train dataset to ../data/processed.train.pt.
[2024-06-28 20:53:59,993 INFO] Building & saving validation data...
[2024-06-28 20:54:01,259 INFO] 3022 Example before filter
[2024-06-28 20:54:01,271 INFO] 2702 Example after filter
[2024-06-28 20:54:01,274 INFO]  * saving valid dataset to ../data/processed.valid.pt.
[2024-06-28 20:54:01,889 INFO] Building & saving vocabulary...
[2024-06-28 20:54:02,829 INFO]  * reloading ../data/processed.train.pt.
[2024-06-28 20:54:03,122 INFO]  * tgt vocab size: 5789.
[2024-06-28 20:54:03,149 INFO]  * src vocab size: 17350.
[2024-06-28 20:54:03,153 INFO]  * answer vocab size: 4038.
[2024-06-28 20:54:03,156 INFO]  * question vocab size: 3211.
[2024-06-28 20:54:03,157 INFO]  * merging example vocab...
[2024-06-28 20:54:03,218 INFO]  * merged vocab size: 17719.
